# JRE version: Java(TM) SE Runtime Environment (8.0_191-b12) (build 1.8.0_191-b12)
# Java VM: Java HotSpot(TM) 64-Bit Server VM (25.191-b12 mixed mode bsd-amd64 compressed oops)
Heap:
 par new generation   total 353920K, used 242794K [0x00000006c0000000, 0x00000006d8000000, 0x00000006f4000000)
  eden space 314624K,  67% used [0x00000006c0000000, 0x00000006ccf3a3d0, 0x00000006d3340000)
  from space 39296K,  77% used [0x00000006d3340000, 0x00000006d5120760, 0x00000006d59a0000)
  to   space 39296K,   0% used [0x00000006d59a0000, 0x00000006d59a0000, 0x00000006d8000000)
 concurrent mark-sweep generation total 1195160K, used 863453K [0x00000006f4000000, 0x000000073cf26000, 0x00000007c0000000)
 Metaspace       used 184316K, capacity 205112K, committed 206240K, reserved 1228800K
  class space    used 23616K, capacity 27377K, committed 28148K, reserved 1048576K
GC Heap History (10 events):
Event: 539.939 GC heap before
{Heap before GC invocations=713 (full 17):
 par new generation   total 353920K, used 333156K [0x00000006c0000000, 0x00000006d8000000, 0x00000006f4000000)
  eden space 314624K, 100% used [0x00000006c0000000, 0x00000006d3340000, 0x00000006d3340000)
  from space 39296K,  47% used [0x00000006d59a0000, 0x00000006d6bb9218, 0x00000006d8000000)
  to   space 39296K,   0% used [0x00000006d3340000, 0x00000006d3340000, 0x00000006d59a0000)
 concurrent mark-sweep generation total 1195160K, used 850296K [0x00000006f4000000, 0x000000073cf26000, 0x00000007c0000000)
 Metaspace       used 181005K, capacity 201606K, committed 203040K, reserved 1224704K
  class space    used 23160K, capacity 26851K, committed 27764K, reserved 1048576K
Event: 539.947 GC heap after
Heap after GC invocations=714 (full 17):
 par new generation   total 353920K, used 21814K [0x00000006c0000000, 0x00000006d8000000, 0x00000006f4000000)
  eden space 314624K,   0% used [0x00000006c0000000, 0x00000006c0000000, 0x00000006d3340000)
  from space 39296K,  55% used [0x00000006d3340000, 0x00000006d488d958, 0x00000006d59a0000)
  to   space 39296K,   0% used [0x00000006d59a0000, 0x00000006d59a0000, 0x00000006d8000000)
 concurrent mark-sweep generation total 1195160K, used 850297K [0x00000006f4000000, 0x000000073cf26000, 0x00000007c0000000)
 Metaspace       used 181005K, capacity 201606K, committed 203040K, reserved 1224704K
  class space    used 23160K, capacity 26851K, committed 27764K, reserved 1048576K
}
Event: 541.649 GC heap before
{Heap before GC invocations=714 (full 17):
 par new generation   total 353920K, used 336438K [0x00000006c0000000, 0x00000006d8000000, 0x00000006f4000000)
  eden space 314624K, 100% used [0x00000006c0000000, 0x00000006d3340000, 0x00000006d3340000)
  from space 39296K,  55% used [0x00000006d3340000, 0x00000006d488d958, 0x00000006d59a0000)
  to   space 39296K,   0% used [0x00000006d59a0000, 0x00000006d59a0000, 0x00000006d8000000)
 concurrent mark-sweep generation total 1195160K, used 850297K [0x00000006f4000000, 0x000000073cf26000, 0x00000007c0000000)
 Metaspace       used 181883K, capacity 202654K, committed 203936K, reserved 1226752K
  class space    used 23295K, capacity 27064K, committed 27892K, reserved 1048576K
Event: 541.658 GC heap after
Heap after GC invocations=715 (full 17):
 par new generation   total 353920K, used 30473K [0x00000006c0000000, 0x00000006d8000000, 0x00000006f4000000)
  eden space 314624K,   0% used [0x00000006c0000000, 0x00000006c0000000, 0x00000006d3340000)
  from space 39296K,  77% used [0x00000006d59a0000, 0x00000006d77624b8, 0x00000006d8000000)
  to   space 39296K,   0% used [0x00000006d3340000, 0x00000006d3340000, 0x00000006d59a0000)
 concurrent mark-sweep generation total 1195160K, used 850297K [0x00000006f4000000, 0x000000073cf26000, 0x00000007c0000000)
 Metaspace       used 181883K, capacity 202654K, committed 203936K, reserved 1226752K
  class space    used 23295K, capacity 27064K, committed 27892K, reserved 1048576K
}
Event: 545.756 GC heap before
{Heap before GC invocations=715 (full 17):
 par new generation   total 353920K, used 345097K [0x00000006c0000000, 0x00000006d8000000, 0x00000006f4000000)
  eden space 314624K, 100% used [0x00000006c0000000, 0x00000006d3340000, 0x00000006d3340000)
  from space 39296K,  77% used [0x00000006d59a0000, 0x00000006d77624b8, 0x00000006d8000000)
  to   space 39296K,   0% used [0x00000006d3340000, 0x00000006d3340000, 0x00000006d59a0000)
 concurrent mark-sweep generation total 1195160K, used 850297K [0x00000006f4000000, 0x000000073cf26000, 0x00000007c0000000)
 Metaspace       used 183846K, capacity 204598K, committed 205728K, reserved 1226752K
  class space    used 23572K, capacity 27340K, committed 28148K, reserved 1048576K
Event: 545.773 GC heap after
Heap after GC invocations=716 (full 17):
 par new generation   total 353920K, used 36185K [0x00000006c0000000, 0x00000006d8000000, 0x00000006f4000000)
  eden space 314624K,   0% used [0x00000006c0000000, 0x00000006c0000000, 0x00000006d3340000)
  from space 39296K,  92% used [0x00000006d3340000, 0x00000006d5696668, 0x00000006d59a0000)
  to   space 39296K,   0% used [0x00000006d59a0000, 0x00000006d59a0000, 0x00000006d8000000)
 concurrent mark-sweep generation total 1195160K, used 856521K [0x00000006f4000000, 0x000000073cf26000, 0x00000007c0000000)
 Metaspace       used 183846K, capacity 204598K, committed 205728K, reserved 1226752K
  class space    used 23572K, capacity 27340K, committed 28148K, reserved 1048576K
}
Event: 546.295 GC heap before
{Heap before GC invocations=716 (full 17):
 par new generation   total 353920K, used 350748K [0x00000006c0000000, 0x00000006d8000000, 0x00000006f4000000)
  eden space 314624K,  99% used [0x00000006c0000000, 0x00000006d33309a0, 0x00000006d3340000)
  from space 39296K,  92% used [0x00000006d3340000, 0x00000006d5696668, 0x00000006d59a0000)
  to   space 39296K,   0% used [0x00000006d59a0000, 0x00000006d59a0000, 0x00000006d8000000)
 concurrent mark-sweep generation total 1195160K, used 856521K [0x00000006f4000000, 0x000000073cf26000, 0x00000007c0000000)
 Metaspace       used 184029K, capacity 204754K, committed 205984K, reserved 1226752K
  class space    used 23591K, capacity 27346K, committed 28148K, reserved 1048576K
Event: 546.306 GC heap after
Heap after GC invocations=717 (full 17):
 par new generation   total 353920K, used 25930K [0x00000006c0000000, 0x00000006d8000000, 0x00000006f4000000)
  eden space 314624K,   0% used [0x00000006c0000000, 0x00000006c0000000, 0x00000006d3340000)
  from space 39296K,  65% used [0x00000006d59a0000, 0x00000006d72f28e8, 0x00000006d8000000)
  to   space 39296K,   0% used [0x00000006d3340000, 0x00000006d3340000, 0x00000006d59a0000)
 concurrent mark-sweep generation total 1195160K, used 863453K [0x00000006f4000000, 0x000000073cf26000, 0x00000007c0000000)
 Metaspace       used 184029K, capacity 204754K, committed 205984K, reserved 1226752K
  class space    used 23591K, capacity 27346K, committed 28148K, reserved 1048576K
}
Event: 581.118 GC heap before
{Heap before GC invocations=717 (full 17):
 par new generation   total 353920K, used 340554K [0x00000006c0000000, 0x00000006d8000000, 0x00000006f4000000)
  eden space 314624K, 100% used [0x00000006c0000000, 0x00000006d3340000, 0x00000006d3340000)
  from space 39296K,  65% used [0x00000006d59a0000, 0x00000006d72f28e8, 0x00000006d8000000)
  to   space 39296K,   0% used [0x00000006d3340000, 0x00000006d3340000, 0x00000006d59a0000)
 concurrent mark-sweep generation total 1195160K, used 863453K [0x00000006f4000000, 0x000000073cf26000, 0x00000007c0000000)
 Metaspace       used 184243K, capacity 205012K, committed 206240K, reserved 1228800K
  class space    used 23613K, capacity 27371K, committed 28148K, reserved 1048576K
Event: 581.133 GC heap after
Heap after GC invocations=718 (full 17):
 par new generation   total 353920K, used 30593K [0x00000006c0000000, 0x00000006d8000000, 0x00000006f4000000)
  eden space 314624K,   0% used [0x00000006c0000000, 0x00000006c0000000, 0x00000006d3340000)
  from space 39296K,  77% used [0x00000006d3340000, 0x00000006d5120760, 0x00000006d59a0000)
  to   space 39296K,   0% used [0x00000006d59a0000, 0x00000006d59a0000, 0x00000006d8000000)
 concurrent mark-sweep generation total 1195160K, used 863453K [0x00000006f4000000, 0x000000073cf26000, 0x00000007c0000000)
 Metaspace       used 184243K, capacity 205012K, committed 206240K, reserved 1228800K
  class space    used 23613K, capacity 27371K, committed 28148K, reserved 1048576K
}

